C:\Users\zerq_\source\repos\Omnipaint\Omnipaint\wwwroot\e2e\src\app.po.js
C:\Users\zerq_\source\repos\Omnipaint\Omnipaint\wwwroot\e2e\src\app.po.js.map
C:\Users\zerq_\source\repos\Omnipaint\Omnipaint\wwwroot\e2e\src\app.e2e-spec.js
C:\Users\zerq_\source\repos\Omnipaint\Omnipaint\wwwroot\e2e\src\app.e2e-spec.js.map
C:\Users\zerq_\source\repos\Omnipaint\Omnipaint\wwwroot\src\app\square.js
C:\Users\zerq_\source\repos\Omnipaint\Omnipaint\wwwroot\src\app\square.js.map
C:\Users\zerq_\source\repos\Omnipaint\Omnipaint\wwwroot\src\app\app.component.js
C:\Users\zerq_\source\repos\Omnipaint\Omnipaint\wwwroot\src\app\app.component.js.map
C:\Users\zerq_\source\repos\Omnipaint\Omnipaint\wwwroot\src\app\app.module.js
C:\Users\zerq_\source\repos\Omnipaint\Omnipaint\wwwroot\src\app\app.module.js.map
C:\Users\zerq_\source\repos\Omnipaint\Omnipaint\wwwroot\src\environments\environment.js
C:\Users\zerq_\source\repos\Omnipaint\Omnipaint\wwwroot\src\environments\environment.js.map
C:\Users\zerq_\source\repos\Omnipaint\Omnipaint\wwwroot\src\main.js
C:\Users\zerq_\source\repos\Omnipaint\Omnipaint\wwwroot\src\main.js.map
C:\Users\zerq_\source\repos\Omnipaint\Omnipaint\wwwroot\src\polyfills.js
C:\Users\zerq_\source\repos\Omnipaint\Omnipaint\wwwroot\src\polyfills.js.map
C:\Users\zerq_\source\repos\Omnipaint\Omnipaint\wwwroot\src\test.js
C:\Users\zerq_\source\repos\Omnipaint\Omnipaint\wwwroot\src\test.js.map
C:\Users\zerq_\source\repos\Omnipaint\Omnipaint\wwwroot\src\app\DataModel.js
C:\Users\zerq_\source\repos\Omnipaint\Omnipaint\wwwroot\src\app\DataModel.js.map
C:\Users\zerq_\source\repos\Omnipaint\Omnipaint\wwwroot\src\app\app.component.spec.js
C:\Users\zerq_\source\repos\Omnipaint\Omnipaint\wwwroot\src\app\app.component.spec.js.map
C:\Users\zerq_\source\repos\Omnipaint\Omnipaint\wwwroot\src\environments\environment.prod.js
C:\Users\zerq_\source\repos\Omnipaint\Omnipaint\wwwroot\src\environments\environment.prod.js.map
